Getoffyourphone-master/app/build/intermediates/manifest_merge_blame_file/debug/manifest-merger-blame-debug-report.txt
1<?xml version="1.0" encoding="utf-8"?>
2<manifest xmlns:android="http://schemas.android.com/apk/res/android"
3    package="com.nephi.getoffyourphone"
4    android:versionCode="45"
5    android:versionName="7.0r" >
6
7    <uses-sdk
8        android:minSdkVersion="21"
8-->src\main\AndroidManifest.xml
9        android:targetSdkVersion="29" />
9-->src\main\AndroidManifest.xml
10
11    <uses-permission android:name="android.permission.PACKAGE_USAGE_STATS" />
11-->src\main\AndroidManifest.xml:6:5-8:47
11-->src\main\AndroidManifest.xml:7:9-62
12    <uses-permission android:name="android.permission.WAKE_LOCK" />
12-->src\main\AndroidManifest.xml:9:5-68
12-->src\main\AndroidManifest.xml:9:22-65
13    <uses-permission android:name="android.permission.VIBRATE" />
13-->src\main\AndroidManifest.xml:10:5-66
13-->src\main\AndroidManifest.xml:10:22-63
14    <uses-permission android:name="android.permission.ACCESS_WIFI_STATE" />
14-->src\main\AndroidManifest.xml:11:5-76
14-->src\main\AndroidManifest.xml:11:22-73
15    <uses-permission android:name="android.permission.CHANGE_WIFI_STATE" />
15-->src\main\AndroidManifest.xml:12:5-76
15-->src\main\AndroidManifest.xml:12:22-73
16    <uses-permission android:name="MODIFY_PHONE_STATE" />
16-->src\main\AndroidManifest.xml:13:5-58
16-->src\main\AndroidManifest.xml:13:22-55
17    <uses-permission android:name="android.permission.RECEIVE_BOOT_COMPLETED" />
17-->src\main\AndroidManifest.xml:14:5-81
17-->src\main\AndroidManifest.xml:14:22-78
18    <uses-permission android:name="android.permission.ACCESS_NOTIFICATION_POLICY" />
18-->src\main\AndroidManifest.xml:15:5-85
18-->src\main\AndroidManifest.xml:15:22-82
19
20    <application
20-->src\main\AndroidManifest.xml:22:5-71:19
21        android:allowBackup="true"
21-->src\main\AndroidManifest.xml:23:9-35
22        android:appComponentFactory="androidx.core.app.CoreComponentFactory"
22-->[androidx.core:core:1.1.0] AndroidManifest.xml:24:18-86
23        android:debuggable="true"
24        android:fullBackupContent="false"
24-->src\main\AndroidManifest.xml:29:9-42
25        android:icon="@mipmap/ic_launcher"
25-->src\main\AndroidManifest.xml:24:9-43
26        android:label="@string/app_name"
26-->src\main\AndroidManifest.xml:25:9-41
27        android:supportsRtl="true"
27-->src\main\AndroidManifest.xml:26:9-35
28        android:testOnly="true"
29        android:theme="@style/AppTheme" >
29-->src\main\AndroidManifest.xml:27:9-40
30
31        <!-- </activity> -->
32        <activity
32-->src\main\AndroidManifest.xml:33:9-35:45
33            android:name="com.nephi.getoffyourphone.locked"
33-->src\main\AndroidManifest.xml:34:13-35
34            android:launchMode="standard" />
34-->src\main\AndroidManifest.xml:35:13-42
35        <activity
35-->src\main\AndroidManifest.xml:36:9-38:45
36            android:name="com.nephi.getoffyourphone.settings"
36-->src\main\AndroidManifest.xml:37:13-37
37            android:launchMode="standard" />
37-->src\main\AndroidManifest.xml:38:13-42
38        <activity
38-->src\main\AndroidManifest.xml:39:9-41:45
39            android:name="com.nephi.getoffyourphone.selected_apps"
39-->src\main\AndroidManifest.xml:40:13-42
40            android:launchMode="standard" />
40-->src\main\AndroidManifest.xml:41:13-42
41        <activity
41-->src\main\AndroidManifest.xml:42:9-51:20
42            android:name="com.nephi.getoffyourphone.Main"
42-->src\main\AndroidManifest.xml:43:13-33
43            android:launchMode="standard"
43-->src\main\AndroidManifest.xml:44:13-42
44            android:theme="@style/AppTheme.BrandedLaunch" >
44-->src\main\AndroidManifest.xml:45:13-58
45            <intent-filter>
45-->src\main\AndroidManifest.xml:46:13-50:29
46                <action android:name="android.intent.action.MAIN" />
46-->src\main\AndroidManifest.xml:47:17-69
46-->src\main\AndroidManifest.xml:47:25-66
47
48                <category android:name="android.intent.category.LAUNCHER" />
48-->src\main\AndroidManifest.xml:49:17-77
48-->src\main\AndroidManifest.xml:49:27-74
49            </intent-filter>
50        </activity>
51
52        <service
52-->src\main\AndroidManifest.xml:53:9-56:44
53            android:name="com.nephi.getoffyourphone.Timer_Service"
53-->src\main\AndroidManifest.xml:54:13-42
54            android:process=":Timer_Service"
54-->src\main\AndroidManifest.xml:55:13-45
55            android:stopWithTask="false" />
55-->src\main\AndroidManifest.xml:56:13-41
56
57        <receiver
57-->src\main\AndroidManifest.xml:58:9-66:20
58            android:name="com.nephi.getoffyourphone.BootUpReceiver"
58-->src\main\AndroidManifest.xml:60:13-68
59            android:enabled="true"
59-->src\main\AndroidManifest.xml:59:13-35
60            android:permission="android.permission.RECEIVE_BOOT_COMPLETED" >
60-->src\main\AndroidManifest.xml:61:13-75
61            <intent-filter>
61-->src\main\AndroidManifest.xml:63:13-65:29
62                <action android:name="android.intent.action.BOOT_COMPLETED" />
62-->src\main\AndroidManifest.xml:64:17-79
62-->src\main\AndroidManifest.xml:64:25-76
63            </intent-filter>
64        </receiver>
65        <!-- <service -->
66        <!-- android:name=".ReviverService" -->
67        <!-- android:process=":ReviverService" -->
68        <!-- android:stopWithTask="false" /> -->
69        <activity android:name="com.franmontiel.attributionpresenter.AttributionActivity" />
69-->[com.github.franmontiel:AttributionPresenter:1.0] AndroidManifest.xml:27:9-93
69-->[com.github.franmontiel:AttributionPresenter:1.0] AndroidManifest.xml:27:19-90
70    </application>
71
72</manifest>